<?xml version="1.0" encoding="UTF-8"?>
<testng-results ignored="0" total="1" passed="1" failed="0" skipped="0">
  <reporter-output>
  </reporter-output>
  <suite started-at="2021-05-23T14:55:38Z" name="Default suite" finished-at="2021-05-23T14:55:49Z" duration-ms="10768">
    <groups>
    </groups>
    <test started-at="2021-05-23T14:55:38Z" name="Default test" finished-at="2021-05-23T14:55:49Z" duration-ms="10768">
      <class name="StepDefinition.openSteps">
        <test-method is-config="true" signature="OpenBrowser()[pri:0, instance:StepDefinition.openSteps@6401d0a0]" started-at="2021-05-23T14:55:38Z" name="OpenBrowser" finished-at="2021-05-23T14:55:42Z" duration-ms="3188" status="PASS">
          <reporter-output>
          </reporter-output>
        </test-method> <!-- OpenBrowser -->
        <test-method signature="navigation()[pri:0, instance:StepDefinition.openSteps@6401d0a0]" started-at="2021-05-23T14:55:42Z" name="navigation" finished-at="2021-05-23T14:55:49Z" duration-ms="6806" status="PASS">
          <reporter-output>
          </reporter-output>
        </test-method> <!-- navigation -->
        <test-method is-config="true" signature="CloseBrowser()[pri:0, instance:StepDefinition.openSteps@6401d0a0]" started-at="2021-05-23T14:55:49Z" name="CloseBrowser" finished-at="2021-05-23T14:55:49Z" duration-ms="467" status="PASS">
          <reporter-output>
          </reporter-output>
        </test-method> <!-- CloseBrowser -->
      </class> <!-- StepDefinition.openSteps -->
    </test> <!-- Default test -->
  </suite> <!-- Default suite -->
</testng-results>
